{"meta":"/manager","level":"info","message":"Configuring namespace:","timestamp":"2013-02-19T11:55:25.826Z"}
{"meta":"/display","level":"info","message":"Configuring namespace:","timestamp":"2013-02-19T11:55:25.828Z"}
{"meta":"/public","level":"info","message":"Configuring namespace:","timestamp":"2013-02-19T11:55:25.829Z"}
{"meta":"/manager","level":"info","message":"Configuring namespace:","timestamp":"2013-02-19T12:01:31.929Z"}
{"meta":"/display","level":"info","message":"Configuring namespace:","timestamp":"2013-02-19T12:01:31.931Z"}
{"meta":"/public","level":"info","message":"Configuring namespace:","timestamp":"2013-02-19T12:01:31.932Z"}
{"meta":"/manager","level":"info","message":"Configuring namespace:","timestamp":"2013-02-19T12:05:17.150Z"}
{"meta":"/display","level":"info","message":"Configuring namespace:","timestamp":"2013-02-19T12:05:17.152Z"}
{"meta":"/public","level":"info","message":"Configuring namespace:","timestamp":"2013-02-19T12:05:17.152Z"}
{"meta":"public","level":"info","message":"New auth attempt on ","timestamp":"2013-02-19T12:05:31.498Z"}
{"meta":"/a/auth/public/o3hhqlu06jfov2sva18jkq8bd5","level":"info","message":"Backend request to","timestamp":"2013-02-19T12:05:31.507Z"}
{"meta":"/manager","level":"info","message":"Configuring namespace:","timestamp":"2013-02-19T12:11:02.589Z"}
{"meta":"/display","level":"info","message":"Configuring namespace:","timestamp":"2013-02-19T12:11:02.591Z"}
{"meta":"/public","level":"info","message":"Configuring namespace:","timestamp":"2013-02-19T12:11:02.591Z"}
{"meta":"public","level":"info","message":"New auth attempt on ","timestamp":"2013-02-19T12:11:15.077Z"}
{"meta":"/a/auth/public/o3hhqlu06jfov2sva18jkq8bd5","level":"info","message":"Backend request to","timestamp":"2013-02-19T12:11:15.085Z"}
{"meta":"/manager","level":"info","message":"Configuring namespace:","timestamp":"2013-02-19T12:12:46.946Z"}
{"meta":"/display","level":"info","message":"Configuring namespace:","timestamp":"2013-02-19T12:12:46.948Z"}
{"meta":"/public","level":"info","message":"Configuring namespace:","timestamp":"2013-02-19T12:12:46.949Z"}
{"meta":"public","level":"info","message":"New auth attempt on ","timestamp":"2013-02-19T12:12:47.591Z"}
{"meta":"/a/auth/public/o3hhqlu06jfov2sva18jkq8bd5","level":"debug","message":"Backend request to","timestamp":"2013-02-19T12:12:47.597Z"}
{"meta":"VWUawsOI4mUQlEHNXtWb :: o3hhqlu06jfov2sva18jkq8bd5 :: interface: public:: endpoint: /public :: room:0a78a027b8b010caf68d2aa7f43ef9d7","level":"info","message":"New client, socket:","timestamp":"2013-02-19T12:12:48.633Z"}
{"meta":"manager","level":"info","message":"New auth attempt on ","timestamp":"2013-02-19T12:13:18.293Z"}
{"meta":"/a/auth/manager/o3hhqlu06jfov2sva18jkq8bd5","level":"debug","message":"Backend request to","timestamp":"2013-02-19T12:13:18.293Z"}
{"meta":"44-Ae6VFTsd-obtBXtWc :: o3hhqlu06jfov2sva18jkq8bd5 :: interface: manager:: endpoint: /manager :: room:0a78a027b8b010caf68d2aa7f43ef9d7","level":"info","message":"New client, socket:","timestamp":"2013-02-19T12:13:18.319Z"}
{"meta":"public","level":"info","message":"New auth attempt on ","timestamp":"2013-02-19T12:13:18.754Z"}
{"meta":"/a/auth/public/o3hhqlu06jfov2sva18jkq8bd5","level":"debug","message":"Backend request to","timestamp":"2013-02-19T12:13:18.754Z"}
{"meta":"Tu_bwkUAiHrR59ghXtWd :: o3hhqlu06jfov2sva18jkq8bd5 :: interface: public:: endpoint: /public :: room:0a78a027b8b010caf68d2aa7f43ef9d7","level":"info","message":"New client, socket:","timestamp":"2013-02-19T12:13:18.785Z"}
